<?xml version="1.0" encoding="UTF-8"?>
<!-- Generated by org.testng.reporters.JUnitXMLReporter -->
<testsuite ignored="0" hostname="DESKTOP-TKHHJCC" failures="0" tests="4" name="Test" time="11.851" errors="0" timestamp="24 May 2020 01:16:50 GMT">
  <testcase classname="soapuipackage.SOAP_RunAllTestCasesWithTestNG" name="runTestSuite" time="8.469"/>
  <testcase classname="soapuipackage.REST_RunAllTestCasesWithTestNG" name="runAllTests" time="1.845"/>
  <testcase classname="soapuipackage.SOAP_RunIndividualTestCaseWithTestNG" name="runIndividualTestCase" time="0.281"/>
  <testcase classname="soapuipackage.REST_MultipleTestSuites" name="runAllTests" time="1.219"/>
</testsuite> <!-- Test -->
